1323070621 1728381952 3735736897
1323070621 238144 1105469 238144 1105469
1323070562 204036 942284 256294 1283736
1323070500 231597 1183206 256294 1339209
1323070200 207960 1150653 216065 1339209
1323069900 234951 1385891 256734 1611057
1323069600 236908 1339489 256734 1611057
1323069300 225970 1324327 241769 1452345
1323069000 214840 1195674 232851 1416772
1323068700 233813 1374012 247305 1492231
1323068400 247195 1302849 280942 1487241
1323068100 262561 1519901 277849 1610137
1323067800 224516 1480167 237688 1829120
1323067500 241327 1367979 275623 1824422
1323067200 241120 1414906 264876 1737943
1323066900 248469 1219531 289729 1424362
1323066600 237946 1171413 252334 1280152
1323066300 264712 1407516 293804 1572933
1323066000 206662 975452 244717 1224895
1323065700 209580 1041743 244717 1224895
1323065400 214150 1063728 254259 1243273
1323065100 203169 1030267 216719 1169702
1323064800 228156 1166579 254021 1322003
1323064500 221815 1037911 237070 1142738
1323064200 225770 1178006 257784 1452343
1323063900 238064 1299388 285620 1589269
1323063600 245016 1323751 283398 1517992
1323063300 249711 1252402 283398 1480654
1323063000 235998 1335387 259697 1556975
1323062700 241590 1307312 263083 1516508
1323062400 245775 1289411 269078 1505145
1323062100 241336 1237866 272272 1520445
1323061800 248427 1301990 272272 1417507
1323061500 243650 1298218 271241 1400982
1323061200 235483 1293918 248726 1382331
1323060900 220312 1208899 246914 1358062
1323060600 223656 1083444 238616 1242619
1323060300 236981 1285831 271180 1460164
1323060000 241504 1173103 260094 1402359
1323059700 256017 1280932 284039 1669489
1323059400 243493 1185384 247721 1286914
1323059100 227030 1077837 248521 1304045
1323058800 237824 1164480 259984 1312963
1323058500 222766 1085010 244722 1273355
1323058200 225884 1136170 241049 1273355
1323057900 223616 989172 236923 1061278
1323057600 202985 953154 212435 1017121
1323057300 223350 1116873 254308 1327312
1323057000 237094 1192848 256990 1308780
1323056700 236653 1231745 255294 1301022
1323056400 227522 1182911 253781 1263368
1323056100 220535 1117440 255554 1390043
1323055800 225607 1180551 268393 1546512
1323055500 240190 1214508 268393 1546512
1323055200 215957 1125905 228047 1187038
1323054900 229653 1153484 265322 1520884
1323054600 242154 1162393 273322 1334655
1323054300 275650 1392360 299910 1697620
1323054000 280372 1507529 312970 1779051
1323053700 289925 1602076 305563 1779051
1323053400 254248 1239385 279544 1586971
1323053100 258519 1196167 291233 1586971
1323052800 229865 1193488 250565 1462735
1323052500 239229 1236513 262227 1397590
1323052200 213507 1152645 231084 1253675
1323051900 235670 1252783 259261 1405426
1323051600 244941 1188360 260240 1326898
1323051300 217691 1137401 245039 1266200
1323051000 235906 1222945 259060 1396159
1323050700 223581 1234382 254711 1551703
1323050400 227775 1078094 245169 1244370
1323050100 250076 1239404 263154 1346272
1323049800 260407 1452245 286062 1703295
1323049500 233984 1206930 270631 1497912
1323049200 249035 1336327 286762 1693708
1323048900 239117 1358998 263480 1449425
1323048600 229936 1183903 237723 1313382
1323048300 248607 1281585 271885 1493789
1323048000 241803 1174371 268967 1319043
1323047700 227807 1135277 268967 1319043
1323047400 223172 1075300 236519 1153152
1323047100 217342 1052461 227081 1140559
1323046800 200977 945816 214684 1064658
1323046500 213319 1044768 252097 1197909
1323046200 226457 1185564 252097 1377533
1323045900 226957 1086142 307468 1207442
1323045600 245423 1160402 307468 1358218
1323045300 208047 1000372 245251 1283555
1323045000 180769 843369 196934 1110900
1323044700 196180 1003554 224705 1281110
1323044400 170026 799435 183694 896968
1323044100 159427 649766 170456 769025
1323043800 154063 612675 187246 759919
1323043500 125994 559471 143696 747580
1323043200 118235 403440 128232 498692
1323042900 127907 410697 151810 513894
1323042600 115956 465101 124452 637819
1323042300 106360 390147 124563 507048
1323042000 100702 333712 110101 388753
1323041700 103722 313171 129533 440086
1323041400 109621 377866 120783 440086
1323041100 107615 366808 113775 450375
1323040800 94015 273068 109183 334440
1323040500 97715 287770 107829 383795
1323040200 99677 252321 109352 343606
1323039900 100506 268270 108927 350718
1323039600 100376 302245 108927 403478
1323039300 93170 226109 103158 342242
1323039000 95847 265266 103158 342242
1323038700 95950 263587 117476 374373
1323038400 87045 210473 99796 251840
1323038100 92881 227310 105984 296372
1323037800 88229 209248 94918 374299
1323037500 89820 259402 98513 374299
1323037200 86024 247079 96281 269532
1323036900 88545 222381 99734 318068
1323036600 90451 212659 101511 256504
1323036300 84046 175283 94008 221340
1323036000 83364 175762 87858 217285
1323035700 83106 186679 91383 218425
1323035400 82601 165135 85758 208799
1323035100 81954 189173 86235 226573
1323034800 79944 168421 83678 219266
1323034500 87077 192263 92095 236303
1323034200 84590 172998 89443 206663
1323033900 84753 209906 88699 282209
1323033600 79033 137101 85274 160345
1323033300 81879 160160 86366 184796
1323033000 100270 175889 182573 209503
1323032700 78202 170528 83658 356885
1323032400 80554 228716 84779 356885
1323032100 79711 208864 87809 297382
1323031800 79449 160411 84945 222203
1323031500 81886 190428 83950 219772
1323031200 83209 206162 90516 237789
1323030900 82714 176507 90516 219081
1323030600 82709 170266 86807 223557
1323030300 86566 201160 96371 241487
1323030000 90574 211339 96371 295439
1323029700 91736 240789 100532 298782
1323029400 91139 246646 95036 283771
1323029100 92906 238835 101436 306579
1323028800 90649 233918 99928 306579
1323028500 82268 153027 96485 190696
1323028200 90171 213169 100325 262817
1323027900 86137 182569 97068 251468
1323027600 99852 232543 107125 273073
1323027300 91755 229447 100153 273760
1323027000 94515 208482 106388 278006
1323026700 99060 222745 103943 288442
1323026400 92571 217095 105420 265499
1323026100 91130 203230 99251 239404
1323025800 87574 178319 97164 247520
1323025500 92047 279519 106631 352214
1323025200 93133 245968 99934 277144
1323024900 89631 243784 100680 352913
1323024600 98971 267784 110374 315023
1323024300 108567 272462 138904 328184
1323024000 110117 364829 117292 437763
1323023700 100081 296601 112480 369344
1323023400 107134 312161 116304 394040
1323023100 107743 330916 111805 416758
1323022800 113084 444553 125200 595762
1323022500 114118 420978 130614 595762
1323022200 122954 411573 133720 539161
1323021900 115784 391714 133720 539161
1323021600 117165 362985 127161 523262
1323021300 121297 464205 147371 663208
1323021000 127814 505324 144482 663208
1323020700 120683 455564 144761 585088
1323020400 128158 442537 145048 639814
1323020100 139613 490710 161773 639814
1323019800 130768 448484 137625 532215
1323019500 142199 675466 163542 1006481
1323019200 136449 596485 299614 720273
1323018900 244300 642283 467579 851115
1323018600 135447 526018 151522 718067
1323018300 135020 509780 150307 587914
1323018000 154473 691739 196824 1118040
1323017700 167552 783674 204545 994364
1323017400 185650 986038 204545 1354477
1323017100 186434 803072 219211 982114
1323016800 202525 1021124 243573 1126407
1323016500 218768 1005338 243573 1077668
1323016200 194701 921696 249270 1681919
1323015900 226929 1194234 249270 1681919
1323015600 207753 1036588 232146 1239808
1323015300 218126 1188341 243070 1345989
1323015000 213595 1132285 236558 1178493
1323014700 211476 1145555 230499 1302690
1323014400 220831 1109088 249365 1272059
1323014100 203258 941822 227415 1179877
1323013800 239222 1226574 259099 1333932
1323013500 245531 1376511 264549 1731373
1323013200 242690 1360294 264549 1731373
1323012900 255503 1327806 274992 1523319
1323012600 243480 1280794 272246 1448134
1323012300 244648 1355009 254015 1544339
1323012000 253703 1410725 274985 1573381
1323011700 227119 1131661 252259 1447393
1323011400 274797 1524998 302552 1625316
1323011100 275057 1625898 310232 1923206
1323010800 267093 1382900 310232 1741375
1323010500 266656 1443050 320369 1821074
1323010200 282164 1568570 298564 1759286
1323009900 264352 1419872 282836 1672846
1323009600 289265 1580257 347096 1976297
1323009300 300998 1692823 316180 1976297
1323009000 283989 1492200 304205 1559337
1323008700 309124 1680636 351713 1975768
1323008400 291828 1597070 319917 1782651
1323008100 294734 1627962 313376 1782651
1323007800 296606 1644261 349394 1964126
1323007500 292692 1481638 349394 1723614
1323007200 291780 1585800 316194 1765225
1323006900 292379 1653831 322405 1839993
1323006600 304977 1633345 346055 1787867
1323006300 283825 1424698 330051 1639823
1323006000 284322 1525344 313863 1642113
1323005700 283071 1508546 306754 1736809
1323005400 289814 1514263 327340 1771474
1323005100 316967 1790512 328231 2008415
1323004800 297424 1701822 312553 1796668
1323004500 281592 1526162 330839 1932278
1323004200 277459 1547322 303876 1718396
1323003900 301802 1605290 328797 1762533
1323003600 294996 1603548 313485 1821021
1323003300 294228 1657623 329297 1896383
1323003000 302082 1615136 337056 1771260
1323002700 301602 1591239 334499 1837343
1323002400 287449 1485319 312397 1956376
1323002100 281454 1548877 312397 1956376
1323001800 290000 1585390 325248 1789116
1323001500 297766 1624693 337881 1784067
1323001200 302955 1685759 318157 1864982
1323000900 291750 1631286 311725 1974490
1323000600 271330 1590921 291946 1806243
1323000300 273850 1607865 311268 2032518
1323000000 259756 1470392 277664 1661986
1322999700 250045 1304825 278486 1519523
1322999400 275585 1433558 297630 1550329
1322999100 275609 1435275 323901 1862874
1322998800 282802 1519760 323901 1862874
1322998500 306944 1647821 332714 1950988
1322998200 268877 1477290 307774 1708310
1322997900 259553 1320866 273542 1487902
1322997600 306499 1705046 345157 1964300
1322997300 306246 1756386 324921 1996767
1322997000 297278 1700808 314973 1782160
1322996700 264072 1428079 277109 1774101
1322996400 272375 1489382 294705 1647679
1322996100 265747 1458083 294705 1633070
1322995800 283261 1551626 312149 1856259
1322995500 271999 1588929 286564 1784085
1322995200 276768 1608936 301004 1791683
1322994900 242712 1296168 277565 1385828
1322994600 270988 1375655 290828 1536991
1322994300 268569 1492419 293099 1802874
1322994000 241057 1363641 264110 1563932
1322993700 255834 1433161 289080 1696542
1322993400 242422 1303636 288229 1536686
1322993100 264812 1486213 288387 1648887
1322992800 258341 1455175 288387 1609166
1322992500 255254 1371122 261063 1609166
1322992200 246223 1314002 274467 1498617
1322991900 258741 1363884 274467 1531729
1322991600 248658 1345917 287124 1754382
1322991300 294679 1492537 314740 1754382
1322991000 250242 1294473 270252 1475075
1322990700 281590 1569166 314741 1981612
1322990400 267619 1657905 298886 1981612
1322990100 282584 1598631 318730 1856703
1322989800 261996 1600928 292730 1827895
1322989500 261270 1545511 279246 1752803
1322989200 269227 1495523 302767 1857975
1322988900 257768 1477170 288825 1684527
1322988600 258133 1555407 301663 2250292
1322988300 236518 1281828 265622 1699118
1322988000 246806 1361996 273109 1659197
1322987700 270863 1600707 306032 2047903
1322987400 239162 1280098 284674 1624390
1322987100 236783 1282542 260075 1467151
1322986800 250643 1530172 258942 1784811
1322986500 250762 1450091 288953 1777917
1322986200 272612 1611117 300424 1750206
1322985900 276017 1731278 310415 2104021
1322985600 284014 1480720 310415 1664226
1322985300 275669 1559027 322627 1903519
1322985000 266075 1486004 322627 1897426
1322984700 275624 1638354 302820 2153021
1322984400 236878 1270310 281209 1628714
1322984100 243611 1270088 281209 1628714
1322983800 259620 1483557 283003 1719256
1322983500 250558 1384987 271689 1650539
1322983200 281294 1668205 306174 1841165
1322982900 269551 1525937 290788 1781569
1322982600 248409 1310670 287756 1771175
1322982300 263193 1535729 277449 1730966
1322982000 275690 1652508 294997 1912005
1322981700 249876 1337425 268402 1689290
1322981400 251937 1377912 274257 1480660
1322981100 255493 1550728 310934 1792072
1322980800 276549 1522994 310934 1781777
1322980500 249821 1425693 276952 1680279
1322980200 275738 1546042 336932 1833547
1322979900 287279 1540786 317637 1686680
1322979600 276994 1689797 296388 1886997
1322979300 272638 1721136 302186 1941604
1322979000 271833 1648212 315742 1912773
1322978700 277336 1709802 349566 2155111
1322978400 251999 1347260 280222 1727316
1322978100 253002 1437744 286720 1706019
1322977800 272551 1584438 287515 1789009
1322977500 244538 1278474 271094 1502615
1322977200 269524 1484449 282201 1554460
1322976900 258050 1434708 281424 1679690
1322976600 265722 1450119 288643 1679690
1322976300 255822 1336610 288643 1609537
1322976000 262009 1314061 268101 1389633
1322975700 270523 1360726 280476 1497030
1322975400 266792 1353491 308992 1648635
1322975100 267972 1484610 282729 1704846
1322974800 265335 1312341 314138 1628255
1322974500 282544 1467126 314138 1628255
1322974200 270919 1409389 301173 1638604
1322973900 273794 1432735 287739 1629543
1322973600 283260 1681767 287739 2177708
1322973300 269129 1370467 283698 1626010
1322973000 272893 1506141 300912 1742237
1322972700 278935 1384717 325449 1648950
1322972400 283322 1452295 304513 1734302
1322972100 264484 1550333 291266 1734302
1322971800 251485 1400829 271290 1602111
1322971500 270168 1450782 289662 1540851
1322971200 265002 1408885 287274 1608139
1322970900 262211 1456741 288197 1584270
1322970600 249857 1346312 264747 1453015
1322970300 234195 1208092 262031 1367518
1322970000 234885 1248590 282634 1647700
1322969700 260344 1397312 282634 1464219
1322969400 259736 1541075 290216 1743169
1322969100 275287 1544448 298619 1823940
1322968800 278870 1563384 289474 1736934
1322968500 271931 1457054 313139 1842272
1322968200 285376 1572549 305927 1838067
1322967900 268115 1521199 305927 1778728
1322967600 261110 1561480 279642 1876227
1322967300 255007 1371727 279739 1610038
1322967000 261751 1505933 292856 1741917
1322966700 287568 1542163 320728 1641432
1322966400 252942 1466612 272268 1822767
1322966100 252898 1350070 273750 1579860
1322965800 270961 1396304 284114 1687898
1322965500 259709 1404663 297363 1687898
1322965200 275337 1483258 320992 1891994
1322964900 249435 1364537 271762 1595865
1322964600 232845 1239958 253495 1607304
1322964300 201087 992956 212219 1154255
1322964000 207126 1013753 256031 1448535
1322963700 232566 1232248 256031 1478982
1322963400 218771 1095195 242916 1347525
1322963100 227634 1320969 242916 1532214
1322962800 224081 1182344 242685 1466859
1322962500 231349 1261678 280966 1556491
1322962200 231670 1287965 261840 1403212
1322961900 196717 909805 213191 1020673
1322961600 197234 953880 216683 1208977
1322961300 205304 830461 218502 881684
1322961000 203571 928956 226820 1233866
1322960700 219584 1233268 243700 1431121
1322960400 200320 1159040 216390 1431121
1322960100 205373 1083107 218731 1340561
1322959800 170506 771304 190800 927226
1322959500 163767 643423 186855 780376
1322959200 153581 594672 175836 780376
1322958900 154151 643909 161613 775732
1322958600 138898 524856 157053 632531
1322958300 135672 571652 143993 701127
1322958000 136097 600826 145561 701127
1322957700 126155 608054 148733 807274
1322957400 132047 633696 144608 874204
1322957100 129662 504122 160331 591234
1322956800 135315 480560 160331 591234
1322956500 117069 392951 122636 470753
1322956200 114359 414686 126123 472785
1322955900 105327 299119 126123 394709
1322955600 102971 333603 107126 380043
1322955300 96901 251514 101544 327812
1322955000 94768 263442 118611 360521
1322954700 109768 288755 125472 466227
1322954400 94934 383881 106475 590336
1322954100 103260 419103 113063 590336
1322953800 101384 399888 108750 560148
1322953500 99441 352156 109637 426207
1322953200 93188 311132 96286 410082
1322952900 92972 277349 96286 386352
1322952600 89836 326828 96628 435122
1322952300 85640 236576 93578 304036
1322952000 92727 230302 102645 291296
1322951700 92828 240832 103216 361113
1322951400 87778 217981 93566 275441
1322951100 82850 176221 86842 220994
1322950800 83498 182339 87359 207303
1322950500 85128 188311 89269 216215
1322950200 83408 180328 87371 191078
1322949900 79858 151930 85442 180975
1322949600 80105 142124 90209 198711
1322949300 80063 161792 93810 193566
1322949000 84261 210742 93810 287563
1322948700 81344 166961 95443 270352
1322948400 88446 221643 95443 272620
1322948100 80878 184044 88249 298843
1322947800 82970 188422 88311 257744
1322947500 82897 201000 88705 251284
1322947200 88980 187563 92746 284600
1322946900 92297 201438 110296 284600
1322946600 92551 226900 110307 352391
1322946300 89527 209637 110307 352391
1322946000 88141 212647 97366 252915
1322945700 87139 231994 93932 313263
1322945400 86868 210885 93729 316203
1322945100 90907 242759 100441 316203
1322944800 86335 189608 90636 217701
1322944500 85916 193217 89245 228246
1322944200 81982 166014 87423 190250
1322943900 93193 223707 104137 278893
1322943600 87762 203070 99801 309765
1322943300 99510 231212 117449 309765
1322943000 109030 222538 121730 308956
1322942700 108464 250256 114374 317923
1322942400 96212 224173 104599 251868
1322942100 94506 294316 99623 404013
1322941800 94394 265244 105969 311488
1322941500 101061 345217 115904 491788
1322941200 98940 266839 115904 328325
1322940900 109228 291025 120541 330078
1322940600 104758 359852 117233 626448
1322940300 105878 359887 117098 425261
1322940000 99824 295148 117098 379535
1322939700 104220 332595 118384 400988
1322939400 108912 321160 120748 416736
1322939100 111185 326968 117869 398101
1322938800 117856 374633 126371 483441
1322938500 108438 352221 122043 606983
1322938200 116310 434273 132486 606983
1322937900 121839 427256 137563 604220
1322937600 134984 541614 146292 604220
1322937300 142467 482817 172377 585095
1322937000 135541 501899 142531 660666
1322936700 132623 534300 150702 685886
1322936400 149255 540529 174284 756233
1322936100 145166 615364 162322 697237
1322935800 147359 721434 160692 888973
1322935500 135288 570262 154312 741668
1322935200 146468 624362 150432 733911
1322934900 141821 654767 182086 969919
1322934600 142426 640852 170311 790515
1322934300 163230 710959 175355 856266
1322934000 140931 619000 157245 773690
1322933700 178668 747400 239092 840644
1322933400 172172 811086 199320 950684
1322933100 191739 1149714 227976 1535659
1322932800 211900 1205099 236865 1362799
1322932500 189066 1056003 217727 1223434
1322932200 180121 1131653 195804 1504921
1322931900 172193 855712 207508 1235561
1322931600 187054 991932 207508 1235561
1322931300 204563 1085985 220186 1382939
1322931000 193198 1058253 214437 1166532
1322930700 211416 1196070 237029 1427560
1322930400 240972 1229388 277818 1459823
1322930100 252641 1293339 272760 1518570
1322929800 243019 1403183 278727 1574673
1322929500 245034 1261977 278727 1574673
1322929200 241746 1228424 255207 1345648
1322928900 253712 1327160 274041 1487648
1322928600 259158 1443600 282281 1614332
1322928300 255817 1588176 293828 1775582
1322928000 269443 1682806 288560 1848618
1322927700 272671 1657538 289402 1831182
1322927400 268420 1468979 295766 1628646
1322927100 262310 1410330 279586 1697733
1322926800 268810 1484908 295619 1697733
1322926500 277616 1602628 325890 2114554
1322926200 307433 1789568 325890 2114554
1322925900 318649 1782557 329970 1900794
1322925600 319311 1756728 341205 2082328
1322925300 293744 1647296 335976 2028211
1322925000 316405 1962891 335976 2121638
1322924700 319718 1931066 358223 2245422
1322924400 329133 1995891 356161 2237430
1322924100 321593 1828157 351998 2237430
1322923800 313937 1822722 383564 2220308
1322923500 366228 2213872 420528 2362056
1322923200 332061 2057663 354717 2260125
1322922900 337337 1950728 348212 2215908
1322922600 344808 2171180 375867 2343238
1322922300 345509 2237041 357837 2578921
1322922000 326030 1943007 371374 2291875
1322921700 320049 1932446 338969 2009945
1322921400 306617 1741291 363186 2104154
1322921100 319014 1828809 363186 2104154
1322920800 312385 1872397 351083 2031342
1322920500 326346 1855941 369355 2291882
1322920200 344045 2099859 369355 2291882
1322919900 306316 1742397 323171 2292147
1322919600 321414 2117668 343892 2487773
1322919300 320275 2000256 340330 2256788
1322919000 311774 1788772 334180 2020910
1322918700 292876 1620395 315075 2102766
1322918400 274307 1627817 315075 2102766
1322918100 264469 1448801 291214 1714185
1322917800 281323 1509924 309316 1813303
1322917500 262680 1304726 295751 1592991
1322917200 285901 1405948 325591 1662224
1322916900 298425 1540089 357356 1884559
1322916600 313487 1607201 374367 1920561
1322916300 313502 1714880 331757 1899834
1322916000 274653 1484432 302922 1781118
1322915700 277626 1560721 328752 1882839
1322915400 305348 1801097 333563 2063098
1322915100 315049 1703676 338809 1952377
1322914800 291703 1626951 338809 1927161
1322914500 303226 1727500 315964 1870849
1322914200 303121 1731197 360337 2401470
1322913900 325948 1924876 360337 2401470
1322913600 281840 1598095 319845 1950742
1322913300 294621 1674622 309564 1832405
1322913000 287319 1604921 309969 1832405
1322912700 283921 1581964 297454 1787545
1322912400 280647 1637104 312013 1842525
1322912100 261101 1589212 288248 1774593
1322911800 263414 1475826 290237 1715598
1322911500 276536 1698664 315508 1955010
1322911200 274702 1470521 311338 1862044
1322910900 290997 1547530 306443 1862044
1322910600 294740 1876844 332664 2307160
1322910300 294944 1795195 320688 2023406
1322910000 296198 1830668 343933 2204226
1322909700 278790 1704134 292362 1833865
1322909400 291218 1703724 295840 1803921
1322909100 260446 1435704 290109 1523644
1322908800 283063 1656026 305620 1817433
1322908500 309944 1591528 341168 1740662
1322908200 292939 1682781 315285 1805273
1322907900 264860 1530982 286392 1834801
1322907600 286226 1780992 306681 2241038
1322907300 270113 1454192 289201 1598270
1322907000 266455 1563774 285285 1978804
1322906700 257418 1374045 283327 1614224
1322906400 257322 1439977 294516 1761503
1322906100 237805 1414168 316642 2055239
1322905800 300057 1756827 316642 2055239
1322905500 273805 1496741 290668 1604888
1322905200 264606 1464454 279910 1537767
1322904900 272986 1490249 292063 1602740
1322904600 265976 1425633 298514 1582799
1322904300 249382 1421987 268578 1536226
1322904000 258990 1534372 292448 1706589
1322903700 293599 1740471 338691 1957827
1322903400 266634 1427757 302123 1666386
1322903100 262771 1478934 283709 1730046
1322902800 274493 1530202 321310 1870907
1322902500 286220 1663050 303858 1905407
1322902200 269043 1640245 297429 1827305
1322901900 267920 1499672 285248 1618146
1322901600 269967 1606190 285248 1831133
1322901300 281569 1605596 311535 1831133
1322901000 281078 1493385 311524 1804821
1322900700 267978 1553627 296231 1750464
1322900400 250464 1296029 283075 1555812
1322900100 273109 1449390 291032 1561340
1322899800 264753 1588205 279099 1922429
1322899500 249395 1348637 265995 1485345
1322899200 262064 1372130 270862 1545281
1322898900 258019 1540933 265651 1811431
1322898600 271015 1740797 316938 1970803
1322898300 275507 1569969 316938 1919647
1322898000 261001 1441144 291720 1754479
1322897700 269319 1614950 314698 2210600
1322897400 270723 1481853 292510 1624283
1322897100 265351 1515218 292647 1795553
1322896800 269869 1510019 290040 1798944
1322896500 298094 1740040 334274 1920664
1322896200 254240 1474661 287795 1694797
1322895900 285427 1552844 307300 1641232
1322895600 256106 1449742 311493 1751939
1322895300 308707 1891355 336004 2110651
1322895000 304033 1654047 367236 1922961
1322894700 280692 1631168 299298 1900046
1322894400 270819 1652822 293214 1775742
1322894100 298234 1767897 307694 1929741
1322893800 288462 1631649 318116 1888433
1322893500 310723 1850266 340767 2140586
1322893200 291774 1699447 327323 1923478
1322892900 241275 1426617 273841 1584376
1322892600 270113 1605677 304972 1877625
1322892300 274474 1859355 301550 2019093
1322892000 253716 1653269 271283 1891343
1322891700 260500 1572689 299827 1850187
1322891400 275656 1697792 299827 1850187
1322891100 237277 1281853 273073 1586001
1322890800 230760 1274206 289239 1853025
1322890200 201387 1122553 230007 1402003
1322888400 194396 955114 247869 1334161
1322886600 204728 1171291 247869 2042874
1322884800 199721 946703 230193 1185761
1322883000 210669 1035705 254264 1464981
1322881200 213875 1124478 272521 1678097
1322879400 193810 964124 253558 1288553
1322877600 171976 822934 200883 1238509
1322875800 166814 818297 203236 1267459
1322874000 133469 556049 151560 756230
1322872200 118592 478429 158298 901718
1322870400 93600 287857 106831 462757
1322868600 93504 273715 112480 479898
1322866800 91344 276883 108786 427554
1322865000 91248 296038 121742 643642
1322863200 81374 220034 91112 296944
1322861400 94182 284064 112054 472848
1322859600 83421 245801 96961 415965
1322857800 98935 336835 144407 943427
1322856000 93348 299459 110499 407310
1322854200 115274 487755 136633 684072
1322852400 106318 400483 144085 634717
1322850600 130988 492033 151577 675503
1322848800 136061 448989 622686 823562
1322847000 154097 633295 206049 909014
1322845200 163835 736469 210421 937872
1322843400 182768 874608 234199 1345831
1322841600 202496 950519 240630 1215944
1322839800 211189 1065725 267032 1534338
1322838000 271400 1482681 323447 2156199
1322836200 282870 1481956 332153 1911611
1322834400 282130 1529171 323286 2057144
1322832600 277342 1439383 356258 2036447
1322830800 264054 1340608 316847 1823278
1322829000 268906 1405363 333531 1733957
1322827200 272413 1405330 333531 1744889
1322825400 246044 1292530 303212 1682639
1322823600 233421 1267287 284262 1661444
1322821800 229311 1249798 273240 1578820
1322820000 217971 1112394 251563 1368941
1322818200 234331 1190394 271268 1603145
1322816400 242892 1296609 270101 1771043
1322814600 222665 1160958 266001 1505835
1322812800 226343 1229796 271217 1597430
1322811000 203693 1044253 271217 1347480
1322809200 209302 1066944 239307 1550926
1322807400 203695 1053347 228110 1336601
1322805600 220869 1232350 251325 1676892
1322803800 229881 1310375 263491 1753272
1322802000 235815 1238022 277786 1706492
1322800200 216765 1056713 265203 1573986
1322798400 206184 1079571 286267 1707488
1322796600 227931 1191828 300299 1848035
1322794800 217390 1096042 301107 1705021
1322793000 231088 1205473 274471 1595595
1322791200 222974 1225147 268113 1839124
1322789400 208786 1142082 260661 1731835
1322787600 209059 970793 263104 1273455
1322785800 156113 718772 205981 1064899
1322784000 112079 393256 146767 603136
1322782200 102374 313020 149777 579048
1322780400 88546 212987 124707 322521
1322778600 88040 234935 100326 373216
1322776800 82226 205244 95630 316906
1322775000 89439 234424 107072 394519
1322773200 76464 172947 83771 257354
1322771400 94517 242801 173204 404825
1322769600 84321 219463 126885 577240
1322767800 105618 333142 128673 463770
1322766000 96212 272091 116548 473044
1322764200 121445 429069 160935 668187
1322762400 125214 499254 201573 1063980
1322760600 160847 706751 179371 1063980
1322758800 170447 816096 223917 1193820
1322757000 211245 1011339 259352 1352958
1322755200 231619 1146663 287780 1465577
1322753400 264168 1372711 307132 1745887
1322751600 286291 1564643 351463 2115999
1322749800 298526 1665507 358756 1928681
1322748000 317925 1800619 410274 2498420
1322746200 304717 1622159 353740 2060965
1322744400 294752 1595492 339164 2055917
1322742600 290451 1556774 349796 2313290
1322740800 298322 1660395 337918 2360698
1322739000 288797 1611397 353511 1952482
1322737200 263065 1495594 317051 1958734
1322735400 245037 1253789 278545 1595730
1322733600 245171 1279338 301112 1849746
1322731800 253815 1302332 290589 1727951
1322730000 248224 1339788 296760 1712232
1322728200 249512 1372186 381015 1830674
1322726400 231580 1222070 316974 1603513
1322724600 220421 1084297 254395 1421715
1322722800 227932 1152782 270459 1461826
1322721000 223759 1144443 263748 1427484
1322719200 229838 1281227 276187 1880530
1322717400 215003 1120891 273977 1759108
1322715600 233592 1332643 271382 1817024
1322713800 239287 1402990 268278 1652089
1322712000 225966 1206535 325754 1852094
1322710200 223770 1300007 279429 1864344
1322708400 250731 1548389 314054 2306882
1322706600 235266 1442775 292081 2222718
1322704800 224828 1286689 286066 1786709
1322703000 224968 1277747 281004 1629259
1322701200 213721 1148699 291430 1876552
1322699400 158639 784934 206924 1206966
1322697600 128454 538522 151910 739271
1322695800 115503 398399 147794 719263
1322694000 103052 331964 117144 513170
1322692200 101346 293801 118872 403689
1322690400 91542 259292 103614 426410
1322688600 95234 237178 115961 365996
1322686800 88154 197133 103075 464114
1322685000 99805 265886 136905 522798
1322683200 92693 217049 121959 414088
1322681400 111925 358776 269723 561670
1322679600 111470 451825 137759 810452
1322677800 128479 480715 180692 784574
1322676000 150821 647928 225335 1183881
1322674200 164500 852315 204759 1237438
1322672400 185401 807104 302010 1078036
1322670600 178903 851593 219569 1073020
1322668800 215775 1113158 253906 1425429
1322667000 262071 1436568 317389 2104449
1322665200 269794 1432371 368014 2017542
1322663400 292074 1527075 368014 2017542
1322661600 295255 1589695 347603 1969885
1322659800 291525 1508288 339528 1942250
1322658000 280835 1323892 357393 1673765
1322656200 282016 1523940 319599 1958918
1322654400 277283 1399234 427873 2333101
1322652600 260653 1403068 378036 1928058
1322650800 269209 1392736 398914 2123437
1322649000 249006 1313436 432961 2574259
1322647200 222210 1159538 378539 2237758
1322645400 224227 1122681 351958 1989108
1322643600 203959 1020973 332705 1873673
1322641800 216387 1110834 345746 1876306
1322640000 166500 734334 311912 1559205
1322638200 227009 1275779 360639 2181612
1322636400 223624 1334818 375091 2428310
1322634600 198822 1032837 319234 1734043
1322632800 200721 1031467 331487 1857031
1322631000 222660 1193997 360624 2034848
1322629200 210153 1122121 363007 2022974
1322627400 209542 1132324 340831 1967604
1322625600 211304 1059790 351191 1802226
1322623800 243060 1300644 500858 2283692
1322622000 219850 1287796 386881 2213056
1322620200 223866 1286965 370819 2325633
1322618400 211444 1120370 361973 2318138
1322616600 207339 1136713 361973 2318138
1322614800 202689 1029871 344773 1845057
1322613000 155792 744722 270484 1349715
1322611200 111295 443140 188976 871939
1322609400 98053 304529 151356 523531
1322607600 87995 251679 139495 391803
1322605800 89189 251041 142807 472454
1322604000 84721 236568 140995 533760
1322602200 89265 255929 112425 424121
1322600400 81852 205828 101639 332744
1322598600 93698 260357 117713 409559
1322596800 83776 198144 149551 304634
1322595000 103069 331230 128675 631320
1322593200 95765 273570 123531 441752
1322591400 128788 522337 156152 782234
1322589600 122542 441767 186661 745544
1322587800 149650 638257 179253 944935
1322586000 172324 811761 211223 1240418
1322584200 204904 981781 233880 1359473
1322582400 215774 1135107 255068 1414915
1322580600 235498 1249496 294087 1597660
1322578800 280876 1583173 356831 2109966
1322577000 279677 1545155 319927 2115690
1322575200 275660 1523535 326373 1889770
1322573400 271671 1467442 347099 2153741
1322571600 290128 1580556 332392 1909601
1322569800 284598 1547625 332256 1925235
1322568000 281634 1508779 322631 1789086
1322566200 258831 1388556 306751 1951335
1322564400 252132 1267792 306058 1796722
1322562600 237873 1280700 290382 1762052
1322560800 220585 1146505 293598 1485175
1322559000 236758 1307196 305003 1809555
1322557200 211989 1172203 249859 1605728
1322555400 227637 1354180 280999 1941257
1322553600 228487 1230393 270244 1680469
1322551800 210754 1243048 255313 1705655
1322550000 209765 1105877 262343 1545661
1322548200 207724 1150101 259717 1458210
1322546400 228609 1182641 284351 1741659
1322544600 242711 1360509 282957 1595917
1322542800 249711 1291163 297832 1529050
1322541000 230632 1138747 255674 1458728
1322539200 235519 1195029 265139 1499714
1322537400 249571 1360414 295172 1830908
1322535600 222878 1179386 278348 1588016
1322533800 237057 1215079 296094 1829469
1322532000 217975 1089873 273593 1449826
1322530200 227795 1222938 274081 1689031
1322528400 211221 1191937 257391 1558362
1322526600 148532 734338 211850 1280654
1322524800 116978 494496 163634 1102708
1322523000 109064 410641 143077 659324
1322521200 92769 282351 110876 452148
1322519400 88340 219358 103062 342292
1322517600 77449 162675 87661 218841
1322515800 90667 247179 104945 374715
1322514000 200060 183290 1454339 302506
1322512200 91130 252011 120250 500643
1322510400 87999 232149 101379 379194
1322508600 116529 430556 135567 695080
1322506800 101190 358760 128170 687293
1322505000 128785 460861 148673 626131
1322503200 116218 386187 172217 641549
1322501400 159105 653583 184504 834155
1322499600 157191 682914 200294 962413
1322497800 197373 894857 251378 1357065
1322496000 228182 1215511 277619 1594001
1322494200 253764 1415133 295916 1812113
1322492400 263091 1474333 320089 1921702
1322490600 277280 1465603 347901 1899115
1322488800 277213 1436149 336152 1783573
1322487000 244548 1257478 274699 1612690
1322485200 263982 1350289 323546 1684697
1322483400 260702 1380083 304434 1823690
1322481600 261958 1358584 301541 1602893
1322479800 248650 1215922 281633 1556145
1322478000 242473 1271736 282129 2317128
1322476200 235653 1183031 274270 1588923
1322474400 229611 1139018 269406 1383243
1322472600 246121 1285216 308701 1704303
1322470800 230114 1175577 276524 1759557
1322469000 237522 1267890 303777 1795757
1322467200 186295 848061 245594 1319181
1322465400 192707 907166 276095 1628241
1322463600 182568 720959 284879 1399403
1322461800 205399 995759 268114 1454253
1322460000 222845 1173437 267074 1517579
1322458200 223789 1145618 264338 1509236
1322456400 238812 1222000 325689 1912861
1322454600 233666 1083768 297190 1389488
1322452800 229291 1197528 272217 1582022
1322451000 253871 1300244 286025 1573831
1322449200 248667 1356170 300993 1764517
1322447400 249586 1307357 328684 1934814
1322445600 226143 1203846 275279 1872329
1322443800 228406 1293472 294666 1708016
1322442000 213270 1187201 234992 1834647
1322440200 165686 854032 222393 1608227
1322438400 132119 517102 158238 674225
1322436600 110762 363843 132633 500936
1322434800 99672 323723 113671 546349
1322433000 130225 362292 166530 674099
1322431200 103502 245598 169034 487467
1322429400 95364 260586 112302 366554
1322427600 88836 249143 104430 366009
1322425800 97919 249862 123166 386457
1322424000 91118 226223 101374 314355
1322422200 111391 365690 139664 643152
1322420400 109017 341444 134139 512170
1322418600 148349 551853 181709 718892
1322416800 141132 467927 236979 641496
1322415000 170358 676462 197071 894364
1322413200 187750 852045 243914 1645697
1322411400 213710 1003837 253353 1645697
1322409600 243020 1206492 269387 1991623
1322407800 257831 1246986 339011 1679414
1322406000 289907 1447136 331048 1922877
1322404200 293213 1434132 334735 1848838
1322402400 267390 1263832 312129 1633166
1322400600 270595 1321596 333712 1708442
1322398800 259930 1284392 325760 1953930
1322397000 268994 1405935 300867 2000467
1322395200 270750 1250199 337659 1664390
1322393400 254594 1214233 302580 1720954
1322391600 239764 1062673 269498 1608361
1322389800 245866 1138904 266855 1368216
1322388000 253385 1187752 292018 1745223
1322386200 254111 1178560 289518 1451987
1322384400 208159 816560 289535 1488085
1322382600 215398 894661 296091 1644767
1322380800 249706 1124350 282125 1471572
1322379000 254816 1157293 311080 1619297
1322377200 264222 1268714 310156 1697611
1322375400 248292 1150955 294719 1635000
1322373600 207028 821000 289152 1625772
1322371800 246572 1107069 314215 1498437
1322370000 267912 1235014 350782 1559535
1322368200 269242 1303254 309695 1658729
1322366400 263194 1232782 298853 1497930
1322364600 269141 1267511 328348 1875601
1322362800 281230 1387689 326602 1779275
1322361000 269706 1274311 298509 1672061
1322359200 267046 1235096 332414 1756667
1322357400 239519 1126849 277319 1336596
1322355600 203290 924316 239763 1333720
1322353800 166391 673283 195482 966071
1322352000 142035 519074 174830 751391
1322350200 129590 403147 156998 608205
1322348400 117467 329433 130229 450226
1322346600 122188 314472 133360 422107
1322344800 108992 236654 119293 334105
1322343000 117187 290508 131339 415688
1322341200 109227 239869 121894 415868
1322339400 123431 319810 151986 536361
1322337600 123669 319281 141818 522004
1322335800 143874 439449 166999 645799
1322334000 143850 459882 184216 668772
1322332200 176444 637984 216335 867984
1322330400 182915 691054 304529 1061196
1322328600 220783 953670 259578 1308486
1322326800 226057 1000928 295645 1384956
1322325000 282361 1233036 328356 1512527
1322323200 271000 1313265 310230 1942504
1322321400 289627 1503385 336136 2010469
1322319600 297889 1451834 346176 1992614
1322317800 293472 1396192 325035 1694004
1322316000 299808 1450487 346583 1744641
1322314200 259875 1197566 312663 1616123
1322312400 266634 1272940 316219 1560648
1322310600 259882 1126373 308408 1375349
1322308800 266297 1254644 314113 1598999
1322307000 282465 1359865 337980 1699513
1322305200 280213 1295102 322053 1800323
1322303400 257290 1183872 300200 1576788
1322301600 269680 1275177 310668 1587051
1322299800 279128 1340089 319516 1679359
1322298000 253101 1167678 307497 1523642
1322296200 259618 1273706 294367 1564635
1322294400 252483 1108562 282380 1297112
1322292600 258570 1176534 305451 1619307
1322290800 251714 1111737 295845 1392004
1322289000 243600 1165224 295243 1667843
1322287200 269618 1258775 338351 1534210
1322285400 250088 1097643 303525 1540555
1322283600 247640 1118259 274299 1740462
1322281800 258158 1173400 285811 1450719
1322280000 259807 1191599 295142 1568027
1322278200 104565 455400 454984 2284984
1322276400 0 0 0 0
1322274600 0 0 0 0
1322272800 0 0 0 0
1322271000 0 0 0 0
1322269200 0 0 0 0
1322267400 0 0 0 0
1322265600 0 0 0 0
1322263800 0 0 0 0
1322262000 0 0 0 0
1322260200 0 0 0 0
1322258400 0 0 0 0
1322256600 0 0 0 0
1322254800 0 0 0 0
1322253000 0 0 0 0
1322251200 0 0 0 0
1322249400 0 0 0 0
1322247600 0 0 0 0
1322245800 0 0 0 0
1322244000 0 0 0 0
1322242200 0 0 0 0
1322240400 0 0 0 0
1322238600 0 0 0 0
1322236800 0 0 0 0
1322235000 0 0 0 0
1322233200 0 0 0 0
1322231400 0 0 0 0
1322229600 0 0 0 0
1322227800 0 0 0 0
1322226000 0 0 0 0
1322224200 0 0 0 0
1322222400 0 0 0 0
1322220600 0 0 0 0
1322218800 0 0 0 0
1322217000 0 0 0 0
1322215200 0 0 0 0
1322213400 0 0 0 0
1322211600 0 0 0 0
1322209800 0 0 0 0
1322208000 0 0 0 0
1322206200 0 0 0 0
1322204400 0 0 0 0
1322202600 0 0 0 0
1322200800 0 0 0 0
1322199000 0 0 0 0
1322197200 0 0 0 0
1322195400 0 0 0 0
1322193600 0 0 0 0
1322191800 0 0 0 0
1322190000 0 0 0 0
1322188200 0 0 0 0
1322186400 0 0 0 0
1322184600 0 0 0 0
1322182800 0 0 0 0
1322181000 0 0 0 0
1322179200 0 0 0 0
1322177400 0 0 0 0
1322175600 0 0 0 0
1322173800 0 0 0 0
1322172000 0 0 0 0
1322170200 0 0 0 0
1322168400 0 0 0 0
1322166600 0 0 0 0
1322164800 0 0 0 0
1322163000 0 0 0 0
1322161200 0 0 0 0
1322159400 0 0 0 0
1322157600 0 0 0 0
1322155800 0 0 0 0
1322154000 0 0 0 0
1322152200 0 0 0 0
1322150400 0 0 0 0
1322148600 0 0 0 0
1322146800 0 0 0 0
1322145000 0 0 0 0
1322143200 0 0 0 0
1322141400 0 0 0 0
1322139600 0 0 0 0
1322137800 0 0 0 0
1322136000 0 0 0 0
1322134200 0 0 0 0
1322132400 0 0 0 0
1322130600 0 0 0 0
1322128800 0 0 0 0
1322127000 0 0 0 0
1322125200 0 0 0 0
1322123400 0 0 0 0
1322121600 0 0 0 0
1322119800 0 0 0 0
1322118000 0 0 0 0
1322116200 0 0 0 0
1322114400 0 0 0 0
1322112600 0 0 0 0
1322110800 0 0 0 0
1322109000 0 0 0 0
1322107200 0 0 0 0
1322105400 0 0 0 0
1322103600 0 0 0 0
1322101800 0 0 0 0
1322100000 0 0 0 0
1322098200 0 0 0 0
1322096400 0 0 0 0
1322094600 0 0 0 0
1322092800 0 0 0 0
1322091000 0 0 0 0
1322089200 0 0 0 0
1322087400 0 0 0 0
1322085600 0 0 0 0
1322083800 0 0 0 0
1322082000 0 0 0 0
1322080200 0 0 0 0
1322078400 0 0 0 0
1322076600 0 0 0 0
1322074800 0 0 0 0
1322073000 0 0 0 0
1322071200 0 0 0 0
1322069400 0 0 0 0
1322067600 0 0 0 0
1322065800 0 0 0 0
1322064000 0 0 0 0
1322062200 0 0 0 0
1322060400 0 0 0 0
1322058600 0 0 0 0
1322056800 0 0 0 0
1322055000 0 0 0 0
1322053200 0 0 0 0
1322051400 0 0 0 0
1322049600 0 0 0 0
1322047800 0 0 0 0
1322046000 0 0 0 0
1322044200 0 0 0 0
1322042400 0 0 0 0
1322040600 0 0 0 0
1322038800 0 0 0 0
1322037000 0 0 0 0
1322035200 0 0 0 0
1322033400 0 0 0 0
1322031600 0 0 0 0
1322029800 0 0 0 0
1322028000 0 0 0 0
1322026200 0 0 0 0
1322024400 0 0 0 0
1322022600 0 0 0 0
1322020800 0 0 0 0
1322019000 0 0 0 0
1322017200 0 0 0 0
1322015400 0 0 0 0
1322013600 0 0 0 0
1322011800 0 0 0 0
1322010000 0 0 0 0
1322008200 0 0 0 0
1322006400 0 0 0 0
1322004600 0 0 0 0
1322002800 0 0 0 0
1322001000 0 0 0 0
1321999200 0 0 0 0
1321997400 0 0 0 0
1321995600 0 0 0 0
1321993800 0 0 0 0
1321992000 0 0 0 0
1321990200 0 0 0 0
1321988400 0 0 0 0
1321986600 0 0 0 0
1321984800 0 0 0 0
1321983000 0 0 0 0
1321981200 0 0 0 0
1321979400 0 0 0 0
1321977600 0 0 0 0
1321975800 0 0 0 0
1321974000 0 0 0 0
1321972200 0 0 0 0
1321970400 0 0 0 0
1321968600 0 0 0 0
1321966800 0 0 0 0
1321965000 0 0 0 0
1321963200 0 0 0 0
1321961400 0 0 0 0
1321959600 0 0 0 0
1321957800 0 0 0 0
1321956000 0 0 0 0
1321954200 0 0 0 0
1321952400 0 0 0 0
1321950600 0 0 0 0
1321948800 0 0 0 0
1321947000 0 0 0 0
1321945200 0 0 0 0
1321943400 0 0 0 0
1321941600 0 0 0 0
1321939800 0 0 0 0
1321938000 0 0 0 0
1321936200 0 0 0 0
1321934400 0 0 0 0
1321932600 0 0 0 0
1321930800 0 0 0 0
1321929000 0 0 0 0
1321927200 0 0 0 0
1321925400 0 0 0 0
1321923600 0 0 0 0
1321921800 0 0 0 0
1321920000 0 0 0 0
1321918200 0 0 0 0
1321916400 0 0 0 0
1321914600 0 0 0 0
1321912800 0 0 0 0
1321911000 0 0 0 0
1321909200 0 0 0 0
1321907400 0 0 0 0
1321905600 0 0 0 0
1321903800 0 0 0 0
1321902000 0 0 0 0
1321900200 0 0 0 0
1321898400 0 0 0 0
1321896600 0 0 0 0
1321894800 0 0 0 0
1321893000 0 0 0 0
1321891200 0 0 0 0
1321889400 0 0 0 0
1321887600 0 0 0 0
1321885800 0 0 0 0
1321884000 0 0 0 0
1321882200 0 0 0 0
1321880400 0 0 0 0
1321878600 0 0 0 0
1321876800 0 0 0 0
1321875000 0 0 0 0
1321873200 0 0 0 0
1321871400 0 0 0 0
1321869600 0 0 0 0
1321867800 0 0 0 0
1321866000 0 0 0 0
1321864200 0 0 0 0
1321862400 0 0 0 0
1321860600 0 0 0 0
1321858800 0 0 0 0
1321857000 0 0 0 0
1321855200 0 0 0 0
1321853400 0 0 0 0
1321851600 0 0 0 0
1321849800 0 0 0 0
1321848000 0 0 0 0
1321846200 0 0 0 0
1321844400 0 0 0 0
1321842600 0 0 0 0
1321840800 0 0 0 0
1321839000 0 0 0 0
1321837200 0 0 0 0
1321835400 0 0 0 0
1321833600 0 0 0 0
1321831800 0 0 0 0
1321830000 0 0 0 0
1321828200 0 0 0 0
1321826400 0 0 0 0
1321824600 0 0 0 0
1321822800 0 0 0 0
1321821000 0 0 0 0
1321819200 0 0 0 0
1321817400 0 0 0 0
1321815600 0 0 0 0
1321813800 0 0 0 0
1321812000 0 0 0 0
1321810200 0 0 0 0
1321804800 0 0 0 0
1321797600 0 0 0 0
1321790400 0 0 0 0
1321783200 0 0 0 0
1321776000 0 0 0 0
1321768800 0 0 0 0
1321761600 0 0 0 0
1321754400 0 0 0 0
1321747200 0 0 0 0
1321740000 0 0 0 0
1321732800 0 0 0 0
1321725600 0 0 0 0
1321718400 0 0 0 0
1321711200 0 0 0 0
1321704000 0 0 0 0
1321696800 0 0 0 0
1321689600 0 0 0 0
1321682400 0 0 0 0
1321675200 0 0 0 0
1321668000 0 0 0 0
1321660800 0 0 0 0
1321653600 0 0 0 0
1321646400 0 0 0 0
1321639200 0 0 0 0
1321632000 0 0 0 0
1321624800 0 0 0 0
1321617600 0 0 0 0
1321610400 0 0 0 0
1321603200 0 0 0 0
1321596000 0 0 0 0
1321588800 0 0 0 0
1321581600 0 0 0 0
1321574400 0 0 0 0
1321567200 0 0 0 0
1321560000 0 0 0 0
1321552800 0 0 0 0
1321545600 0 0 0 0
1321538400 0 0 0 0
1321531200 0 0 0 0
1321524000 0 0 0 0
1321516800 0 0 0 0
1321509600 0 0 0 0
1321502400 0 0 0 0
1321495200 0 0 0 0
1321488000 0 0 0 0
1321480800 0 0 0 0
1321473600 0 0 0 0
1321466400 0 0 0 0
1321459200 0 0 0 0
1321452000 0 0 0 0
1321444800 0 0 0 0
1321437600 0 0 0 0
1321430400 0 0 0 0
1321423200 0 0 0 0
1321416000 0 0 0 0
1321408800 0 0 0 0
1321401600 0 0 0 0
1321394400 0 0 0 0
1321387200 0 0 0 0
1321380000 0 0 0 0
1321372800 0 0 0 0
1321365600 0 0 0 0
1321358400 0 0 0 0
1321351200 0 0 0 0
1321344000 0 0 0 0
1321336800 0 0 0 0
1321329600 0 0 0 0
1321322400 0 0 0 0
1321315200 0 0 0 0
1321308000 0 0 0 0
1321300800 0 0 0 0
1321293600 0 0 0 0
1321286400 0 0 0 0
1321279200 0 0 0 0
1321272000 0 0 0 0
1321264800 0 0 0 0
1321257600 0 0 0 0
1321250400 0 0 0 0
1321243200 0 0 0 0
1321236000 0 0 0 0
1321228800 0 0 0 0
1321221600 0 0 0 0
1321214400 0 0 0 0
1321207200 0 0 0 0
1321200000 0 0 0 0
1321192800 0 0 0 0
1321185600 0 0 0 0
1321178400 0 0 0 0
1321171200 0 0 0 0
1321164000 0 0 0 0
1321156800 0 0 0 0
1321149600 0 0 0 0
1321142400 0 0 0 0
1321135200 0 0 0 0
1321128000 0 0 0 0
1321120800 0 0 0 0
1321113600 0 0 0 0
1321106400 0 0 0 0
1321099200 0 0 0 0
1321092000 0 0 0 0
1321084800 0 0 0 0
1321077600 0 0 0 0
1321070400 0 0 0 0
1321063200 0 0 0 0
1321056000 0 0 0 0
1321048800 0 0 0 0
1321041600 0 0 0 0
1321034400 0 0 0 0
1321027200 0 0 0 0
1321020000 0 0 0 0
1321012800 0 0 0 0
1321005600 0 0 0 0
1320998400 0 0 0 0
1320991200 0 0 0 0
1320984000 0 0 0 0
1320976800 0 0 0 0
1320969600 0 0 0 0
1320962400 0 0 0 0
1320955200 0 0 0 0
1320948000 0 0 0 0
1320940800 0 0 0 0
1320933600 0 0 0 0
1320926400 0 0 0 0
1320919200 0 0 0 0
1320912000 0 0 0 0
1320904800 0 0 0 0
1320897600 0 0 0 0
1320890400 0 0 0 0
1320883200 0 0 0 0
1320876000 0 0 0 0
1320868800 0 0 0 0
1320861600 0 0 0 0
1320854400 0 0 0 0
1320847200 0 0 0 0
1320840000 0 0 0 0
1320832800 0 0 0 0
1320825600 0 0 0 0
1320818400 0 0 0 0
1320811200 0 0 0 0
1320804000 0 0 0 0
1320796800 0 0 0 0
1320789600 0 0 0 0
1320782400 0 0 0 0
1320775200 0 0 0 0
1320768000 0 0 0 0
1320760800 0 0 0 0
1320753600 0 0 0 0
1320746400 0 0 0 0
1320739200 0 0 0 0
1320732000 0 0 0 0
1320724800 0 0 0 0
1320717600 0 0 0 0
1320710400 0 0 0 0
1320703200 0 0 0 0
1320696000 0 0 0 0
1320688800 0 0 0 0
1320681600 0 0 0 0
1320674400 0 0 0 0
1320667200 0 0 0 0
1320660000 0 0 0 0
1320652800 0 0 0 0
1320645600 0 0 0 0
1320638400 0 0 0 0
1320631200 0 0 0 0
1320624000 0 0 0 0
1320616800 0 0 0 0
1320609600 0 0 0 0
1320602400 0 0 0 0
1320595200 0 0 0 0
1320588000 0 0 0 0
1320580800 0 0 0 0
1320573600 0 0 0 0
1320566400 0 0 0 0
1320559200 0 0 0 0
1320552000 0 0 0 0
1320544800 0 0 0 0
1320537600 0 0 0 0
1320530400 0 0 0 0
1320523200 0 0 0 0
1320516000 0 0 0 0
1320508800 0 0 0 0
1320501600 0 0 0 0
1320494400 0 0 0 0
1320487200 0 0 0 0
1320480000 0 0 0 0
1320472800 0 0 0 0
1320465600 0 0 0 0
1320458400 0 0 0 0
1320451200 0 0 0 0
1320444000 0 0 0 0
1320436800 0 0 0 0
1320429600 0 0 0 0
1320422400 0 0 0 0
1320415200 0 0 0 0
1320408000 0 0 0 0
1320400800 0 0 0 0
1320393600 0 0 0 0
1320386400 0 0 0 0
1320379200 0 0 0 0
1320372000 0 0 0 0
1320364800 0 0 0 0
1320357600 0 0 0 0
1320350400 0 0 0 0
1320343200 0 0 0 0
1320336000 0 0 0 0
1320328800 0 0 0 0
1320321600 0 0 0 0
1320314400 0 0 0 0
1320307200 0 0 0 0
1320300000 0 0 0 0
1320292800 0 0 0 0
1320285600 0 0 0 0
1320278400 0 0 0 0
1320271200 0 0 0 0
1320264000 0 0 0 0
1320256800 0 0 0 0
1320249600 0 0 0 0
1320242400 0 0 0 0
1320235200 0 0 0 0
1320228000 0 0 0 0
1320220800 0 0 0 0
1320213600 0 0 0 0
1320206400 0 0 0 0
1320199200 0 0 0 0
1320192000 0 0 0 0
1320184800 0 0 0 0
1320177600 0 0 0 0
1320170400 0 0 0 0
1320163200 0 0 0 0
1320156000 0 0 0 0
1320148800 0 0 0 0
1320141600 0 0 0 0
1320134400 0 0 0 0
1320127200 0 0 0 0
1320120000 0 0 0 0
1320112800 0 0 0 0
1320105600 0 0 0 0
1320098400 0 0 0 0
1320091200 0 0 0 0
1320084000 0 0 0 0
1320076800 0 0 0 0
1320069600 0 0 0 0
1320062400 0 0 0 0
1320055200 0 0 0 0
1320048000 0 0 0 0
1320040800 0 0 0 0
1320033600 0 0 0 0
1320026400 0 0 0 0
1320019200 0 0 0 0
1320012000 0 0 0 0
1320004800 0 0 0 0
1319997600 0 0 0 0
1319990400 0 0 0 0
1319983200 0 0 0 0
1319976000 0 0 0 0
1319968800 0 0 0 0
1319961600 0 0 0 0
1319954400 0 0 0 0
1319947200 0 0 0 0
1319940000 0 0 0 0
1319932800 0 0 0 0
1319925600 0 0 0 0
1319918400 0 0 0 0
1319911200 0 0 0 0
1319904000 0 0 0 0
1319896800 0 0 0 0
1319889600 0 0 0 0
1319882400 0 0 0 0
1319875200 0 0 0 0
1319868000 0 0 0 0
1319860800 0 0 0 0
1319853600 0 0 0 0
1319846400 0 0 0 0
1319839200 0 0 0 0
1319832000 0 0 0 0
1319824800 0 0 0 0
1319817600 0 0 0 0
1319810400 0 0 0 0
1319803200 0 0 0 0
1319796000 0 0 0 0
1319788800 0 0 0 0
1319781600 0 0 0 0
1319774400 0 0 0 0
1319767200 0 0 0 0
1319760000 0 0 0 0
1319752800 0 0 0 0
1319745600 0 0 0 0
1319738400 0 0 0 0
1319731200 0 0 0 0
1319724000 0 0 0 0
1319716800 0 0 0 0
1319709600 0 0 0 0
1319702400 0 0 0 0
1319695200 0 0 0 0
1319688000 0 0 0 0
1319680800 0 0 0 0
1319673600 0 0 0 0
1319666400 0 0 0 0
1319659200 0 0 0 0
1319652000 0 0 0 0
1319644800 0 0 0 0
1319637600 0 0 0 0
1319630400 0 0 0 0
1319623200 0 0 0 0
1319616000 0 0 0 0
1319608800 0 0 0 0
1319601600 0 0 0 0
1319594400 0 0 0 0
1319587200 0 0 0 0
1319580000 0 0 0 0
1319572800 0 0 0 0
1319565600 0 0 0 0
1319558400 0 0 0 0
1319551200 0 0 0 0
1319544000 0 0 0 0
1319536800 0 0 0 0
1319529600 0 0 0 0
1319522400 0 0 0 0
1319515200 0 0 0 0
1319508000 0 0 0 0
1319500800 0 0 0 0
1319493600 0 0 0 0
1319486400 0 0 0 0
1319479200 0 0 0 0
1319472000 0 0 0 0
1319464800 0 0 0 0
1319457600 0 0 0 0
1319450400 0 0 0 0
1319443200 0 0 0 0
1319436000 0 0 0 0
1319428800 0 0 0 0
1319421600 0 0 0 0
1319414400 0 0 0 0
1319407200 0 0 0 0
1319400000 0 0 0 0
1319392800 0 0 0 0
1319385600 0 0 0 0
1319378400 0 0 0 0
1319371200 0 0 0 0
1319364000 0 0 0 0
1319356800 0 0 0 0
1319349600 0 0 0 0
1319342400 0 0 0 0
1319335200 0 0 0 0
1319328000 0 0 0 0
1319320800 0 0 0 0
1319313600 0 0 0 0
1319306400 0 0 0 0
1319299200 0 0 0 0
1319292000 0 0 0 0
1319284800 0 0 0 0
1319277600 0 0 0 0
1319270400 0 0 0 0
1319263200 0 0 0 0
1319256000 0 0 0 0
1319248800 0 0 0 0
1319241600 0 0 0 0
1319234400 0 0 0 0
1319227200 0 0 0 0
1319220000 0 0 0 0
1319212800 0 0 0 0
1319205600 0 0 0 0
1319198400 0 0 0 0
1319191200 0 0 0 0
1319184000 0 0 0 0
1319176800 0 0 0 0
1319169600 0 0 0 0
1319162400 0 0 0 0
1319155200 0 0 0 0
1319148000 0 0 0 0
1319140800 0 0 0 0
1319133600 0 0 0 0
1319126400 0 0 0 0
1319119200 0 0 0 0
1319112000 0 0 0 0
1319104800 0 0 0 0
1319097600 0 0 0 0
1319090400 0 0 0 0
1319083200 0 0 0 0
1319076000 0 0 0 0
1319068800 0 0 0 0
1319061600 0 0 0 0
1319054400 0 0 0 0
1319047200 0 0 0 0
1319040000 0 0 0 0
1319032800 0 0 0 0
1319025600 0 0 0 0
1319018400 0 0 0 0
1319011200 0 0 0 0
1319004000 0 0 0 0
1318996800 0 0 0 0
1318989600 0 0 0 0
1318982400 0 0 0 0
1318975200 0 0 0 0
1318968000 0 0 0 0
1318960800 0 0 0 0
1318953600 0 0 0 0
1318946400 0 0 0 0
1318939200 0 0 0 0
1318932000 0 0 0 0
1318924800 0 0 0 0
1318917600 0 0 0 0
1318910400 0 0 0 0
1318903200 0 0 0 0
1318896000 0 0 0 0
1318888800 0 0 0 0
1318881600 0 0 0 0
1318874400 0 0 0 0
1318867200 0 0 0 0
1318860000 0 0 0 0
1318852800 0 0 0 0
1318845600 0 0 0 0
1318838400 0 0 0 0
1318831200 0 0 0 0
1318824000 0 0 0 0
1318816800 0 0 0 0
1318809600 0 0 0 0
1318802400 0 0 0 0
1318795200 0 0 0 0
1318788000 0 0 0 0
1318780800 0 0 0 0
1318773600 0 0 0 0
1318766400 0 0 0 0
1318759200 0 0 0 0
1318752000 0 0 0 0
1318744800 0 0 0 0
1318737600 0 0 0 0
1318730400 0 0 0 0
1318723200 0 0 0 0
1318716000 0 0 0 0
1318708800 0 0 0 0
1318701600 0 0 0 0
1318694400 0 0 0 0
1318687200 0 0 0 0
1318680000 0 0 0 0
1318672800 0 0 0 0
1318665600 0 0 0 0
1318658400 0 0 0 0
1318651200 0 0 0 0
1318644000 0 0 0 0
1318636800 0 0 0 0
1318629600 0 0 0 0
1318622400 0 0 0 0
1318615200 0 0 0 0
1318608000 0 0 0 0
1318600800 0 0 0 0
1318593600 0 0 0 0
1318586400 0 0 0 0
1318579200 0 0 0 0
1318572000 0 0 0 0
1318564800 0 0 0 0
1318557600 0 0 0 0
1318550400 0 0 0 0
1318543200 0 0 0 0
1318536000 0 0 0 0
1318528800 0 0 0 0
1318521600 0 0 0 0
1318514400 0 0 0 0
1318507200 0 0 0 0
1318500000 0 0 0 0
1318492800 0 0 0 0
1318485600 0 0 0 0
1318478400 0 0 0 0
1318471200 0 0 0 0
1318464000 0 0 0 0
1318456800 0 0 0 0
1318449600 0 0 0 0
1318442400 0 0 0 0
1318435200 0 0 0 0
1318428000 0 0 0 0
1318420800 0 0 0 0
1318413600 0 0 0 0
1318406400 0 0 0 0
1318399200 0 0 0 0
1318392000 0 0 0 0
1318384800 0 0 0 0
1318377600 0 0 0 0
1318370400 0 0 0 0
1318363200 0 0 0 0
1318356000 0 0 0 0
1318348800 0 0 0 0
1318341600 0 0 0 0
1318334400 0 0 0 0
1318327200 0 0 0 0
1318320000 0 0 0 0
1318312800 0 0 0 0
1318305600 0 0 0 0
1318298400 0 0 0 0
1318291200 0 0 0 0
1318284000 0 0 0 0
1318276800 0 0 0 0
1318269600 0 0 0 0
1318262400 0 0 0 0
1318255200 0 0 0 0
1318248000 0 0 0 0
1318240800 0 0 0 0
1318233600 0 0 0 0
1318226400 0 0 0 0
1318219200 0 0 0 0
1318212000 0 0 0 0
1318204800 0 0 0 0
1318197600 0 0 0 0
1318190400 0 0 0 0
1318183200 0 0 0 0
1318176000 0 0 0 0
1318168800 0 0 0 0
1318161600 0 0 0 0
1318154400 0 0 0 0
1318147200 0 0 0 0
1318140000 0 0 0 0
1318132800 0 0 0 0
1318125600 0 0 0 0
1318118400 0 0 0 0
1318111200 0 0 0 0
1318104000 0 0 0 0
1318096800 0 0 0 0
1318089600 0 0 0 0
1318082400 0 0 0 0
1318075200 0 0 0 0
1318068000 0 0 0 0
1318060800 0 0 0 0
1318053600 0 0 0 0
1318046400 0 0 0 0
1318039200 0 0 0 0
1318032000 0 0 0 0
1318024800 0 0 0 0
1318017600 0 0 0 0
1318010400 0 0 0 0
1318003200 0 0 0 0
1317996000 0 0 0 0
1317988800 0 0 0 0
1317981600 0 0 0 0
1317974400 0 0 0 0
1317967200 0 0 0 0
1317960000 0 0 0 0
1317952800 0 0 0 0
1317945600 0 0 0 0
1317938400 0 0 0 0
1317931200 0 0 0 0
1317924000 0 0 0 0
1317916800 0 0 0 0
1317909600 0 0 0 0
1317902400 0 0 0 0
1317895200 0 0 0 0
1317888000 0 0 0 0
1317880800 0 0 0 0
1317873600 0 0 0 0
1317866400 0 0 0 0
1317859200 0 0 0 0
1317852000 0 0 0 0
1317844800 0 0 0 0
1317837600 0 0 0 0
1317830400 0 0 0 0
1317823200 0 0 0 0
1317816000 0 0 0 0
1317808800 0 0 0 0
1317801600 0 0 0 0
1317794400 0 0 0 0
1317787200 0 0 0 0
1317780000 0 0 0 0
1317772800 0 0 0 0
1317765600 0 0 0 0
1317758400 0 0 0 0
1317751200 0 0 0 0
1317744000 0 0 0 0
1317736800 0 0 0 0
1317729600 0 0 0 0
1317722400 0 0 0 0
1317715200 0 0 0 0
1317708000 0 0 0 0
1317700800 0 0 0 0
1317693600 0 0 0 0
1317686400 0 0 0 0
1317679200 0 0 0 0
1317672000 0 0 0 0
1317664800 0 0 0 0
1317657600 0 0 0 0
1317650400 0 0 0 0
1317643200 0 0 0 0
1317636000 0 0 0 0
1317628800 0 0 0 0
1317621600 0 0 0 0
1317614400 0 0 0 0
1317607200 0 0 0 0
1317600000 0 0 0 0
1317592800 0 0 0 0
1317585600 0 0 0 0
1317578400 0 0 0 0
1317571200 0 0 0 0
1317564000 0 0 0 0
1317556800 0 0 0 0
1317549600 0 0 0 0
1317542400 0 0 0 0
1317535200 0 0 0 0
1317528000 0 0 0 0
1317520800 0 0 0 0
1317513600 0 0 0 0
1317506400 0 0 0 0
1317499200 0 0 0 0
1317492000 0 0 0 0
1317484800 0 0 0 0
1317427200 0 0 0 0
1317340800 0 0 0 0
1317254400 0 0 0 0
1317168000 0 0 0 0
1317081600 0 0 0 0
1316995200 0 0 0 0
1316908800 0 0 0 0
1316822400 0 0 0 0
1316736000 0 0 0 0
1316649600 0 0 0 0
1316563200 0 0 0 0
1316476800 0 0 0 0
1316390400 0 0 0 0
1316304000 0 0 0 0
1316217600 0 0 0 0
1316131200 0 0 0 0
1316044800 0 0 0 0
1315958400 0 0 0 0
1315872000 0 0 0 0
1315785600 0 0 0 0
1315699200 0 0 0 0
1315612800 0 0 0 0
1315526400 0 0 0 0
1315440000 0 0 0 0
1315353600 0 0 0 0
1315267200 0 0 0 0
1315180800 0 0 0 0
1315094400 0 0 0 0
1315008000 0 0 0 0
1314921600 0 0 0 0
1314835200 0 0 0 0
1314748800 0 0 0 0
1314662400 0 0 0 0
1314576000 0 0 0 0
1314489600 0 0 0 0
1314403200 0 0 0 0
1314316800 0 0 0 0
1314230400 0 0 0 0
1314144000 0 0 0 0
1314057600 0 0 0 0
1313971200 0 0 0 0
1313884800 0 0 0 0
1313798400 0 0 0 0
1313712000 0 0 0 0
1313625600 0 0 0 0
1313539200 0 0 0 0
1313452800 0 0 0 0
1313366400 0 0 0 0
1313280000 0 0 0 0
1313193600 0 0 0 0
1313107200 0 0 0 0
1313020800 0 0 0 0
1312934400 0 0 0 0
1312848000 0 0 0 0
1312761600 0 0 0 0
1312675200 0 0 0 0
1312588800 0 0 0 0
1312502400 0 0 0 0
1312416000 0 0 0 0
1312329600 0 0 0 0
1312243200 0 0 0 0
1312156800 0 0 0 0
1312070400 0 0 0 0
1311984000 0 0 0 0
1311897600 0 0 0 0
1311811200 0 0 0 0
1311724800 0 0 0 0
1311638400 0 0 0 0
1311552000 0 0 0 0
1311465600 0 0 0 0
1311379200 0 0 0 0
1311292800 0 0 0 0
1311206400 0 0 0 0
1311120000 0 0 0 0
1311033600 0 0 0 0
1310947200 0 0 0 0
1310860800 0 0 0 0
1310774400 0 0 0 0
1310688000 0 0 0 0
1310601600 0 0 0 0
1310515200 0 0 0 0
1310428800 0 0 0 0
1310342400 0 0 0 0
1310256000 0 0 0 0
1310169600 0 0 0 0
1310083200 0 0 0 0
1309996800 0 0 0 0
1309910400 0 0 0 0
1309824000 0 0 0 0
1309737600 0 0 0 0
1309651200 0 0 0 0
1309564800 0 0 0 0
1309478400 0 0 0 0
1309392000 0 0 0 0
1309305600 0 0 0 0
1309219200 0 0 0 0
1309132800 0 0 0 0
1309046400 0 0 0 0
1308960000 0 0 0 0
1308873600 0 0 0 0
1308787200 0 0 0 0
1308700800 0 0 0 0
1308614400 0 0 0 0
1308528000 0 0 0 0
1308441600 0 0 0 0
1308355200 0 0 0 0
1308268800 0 0 0 0
1308182400 0 0 0 0
1308096000 0 0 0 0
1308009600 0 0 0 0
1307923200 0 0 0 0
1307836800 0 0 0 0
1307750400 0 0 0 0
1307664000 0 0 0 0
1307577600 0 0 0 0
1307491200 0 0 0 0
1307404800 0 0 0 0
1307318400 0 0 0 0
1307232000 0 0 0 0
1307145600 0 0 0 0
1307059200 0 0 0 0
1306972800 0 0 0 0
1306886400 0 0 0 0
1306800000 0 0 0 0
1306713600 0 0 0 0
1306627200 0 0 0 0
1306540800 0 0 0 0
1306454400 0 0 0 0
1306368000 0 0 0 0
1306281600 0 0 0 0
1306195200 0 0 0 0
1306108800 0 0 0 0
1306022400 0 0 0 0
1305936000 0 0 0 0
1305849600 0 0 0 0
1305763200 0 0 0 0
1305676800 0 0 0 0
1305590400 0 0 0 0
1305504000 0 0 0 0
1305417600 0 0 0 0
1305331200 0 0 0 0
1305244800 0 0 0 0
1305158400 0 0 0 0
1305072000 0 0 0 0
1304985600 0 0 0 0
1304899200 0 0 0 0
1304812800 0 0 0 0
1304726400 0 0 0 0
1304640000 0 0 0 0
1304553600 0 0 0 0
1304467200 0 0 0 0
1304380800 0 0 0 0
1304294400 0 0 0 0
1304208000 0 0 0 0
1304121600 0 0 0 0
1304035200 0 0 0 0
1303948800 0 0 0 0
1303862400 0 0 0 0
1303776000 0 0 0 0
1303689600 0 0 0 0
1303603200 0 0 0 0
1303516800 0 0 0 0
1303430400 0 0 0 0
1303344000 0 0 0 0
1303257600 0 0 0 0
1303171200 0 0 0 0
1303084800 0 0 0 0
1302998400 0 0 0 0
1302912000 0 0 0 0
1302825600 0 0 0 0
1302739200 0 0 0 0
1302652800 0 0 0 0
1302566400 0 0 0 0
1302480000 0 0 0 0
1302393600 0 0 0 0
1302307200 0 0 0 0
1302220800 0 0 0 0
1302134400 0 0 0 0
1302048000 0 0 0 0
1301961600 0 0 0 0
1301875200 0 0 0 0
1301788800 0 0 0 0
1301702400 0 0 0 0
1301616000 0 0 0 0
1301529600 0 0 0 0
1301443200 0 0 0 0
1301356800 0 0 0 0
1301270400 0 0 0 0
1301184000 0 0 0 0
1301097600 0 0 0 0
1301011200 0 0 0 0
1300924800 0 0 0 0
1300838400 0 0 0 0
1300752000 0 0 0 0
1300665600 0 0 0 0
1300579200 0 0 0 0
1300492800 0 0 0 0
1300406400 0 0 0 0
1300320000 0 0 0 0
1300233600 0 0 0 0
1300147200 0 0 0 0
1300060800 0 0 0 0
1299974400 0 0 0 0
1299888000 0 0 0 0
1299801600 0 0 0 0
1299715200 0 0 0 0
1299628800 0 0 0 0
1299542400 0 0 0 0
1299456000 0 0 0 0
1299369600 0 0 0 0
1299283200 0 0 0 0
1299196800 0 0 0 0
1299110400 0 0 0 0
1299024000 0 0 0 0
1298937600 0 0 0 0
1298851200 0 0 0 0
1298764800 0 0 0 0
1298678400 0 0 0 0
1298592000 0 0 0 0
1298505600 0 0 0 0
1298419200 0 0 0 0
1298332800 0 0 0 0
1298246400 0 0 0 0
1298160000 0 0 0 0
1298073600 0 0 0 0
1297987200 0 0 0 0
1297900800 0 0 0 0
1297814400 0 0 0 0
1297728000 0 0 0 0
1297641600 0 0 0 0
1297555200 0 0 0 0
1297468800 0 0 0 0
1297382400 0 0 0 0
1297296000 0 0 0 0
1297209600 0 0 0 0
1297123200 0 0 0 0
1297036800 0 0 0 0
1296950400 0 0 0 0
1296864000 0 0 0 0
1296777600 0 0 0 0
1296691200 0 0 0 0
1296604800 0 0 0 0
1296518400 0 0 0 0
1296432000 0 0 0 0
1296345600 0 0 0 0
1296259200 0 0 0 0
1296172800 0 0 0 0
1296086400 0 0 0 0
1296000000 0 0 0 0
1295913600 0 0 0 0
1295827200 0 0 0 0
1295740800 0 0 0 0
1295654400 0 0 0 0
1295568000 0 0 0 0
1295481600 0 0 0 0
1295395200 0 0 0 0
1295308800 0 0 0 0
1295222400 0 0 0 0
1295136000 0 0 0 0
1295049600 0 0 0 0
1294963200 0 0 0 0
1294876800 0 0 0 0
1294790400 0 0 0 0
1294704000 0 0 0 0
1294617600 0 0 0 0
1294531200 0 0 0 0
1294444800 0 0 0 0
1294358400 0 0 0 0
1294272000 0 0 0 0
1294185600 0 0 0 0
1294099200 0 0 0 0
1294012800 0 0 0 0
1293926400 0 0 0 0
1293840000 0 0 0 0
1293753600 0 0 0 0
1293667200 0 0 0 0
1293580800 0 0 0 0
1293494400 0 0 0 0
1293408000 0 0 0 0
1293321600 0 0 0 0
1293235200 0 0 0 0
1293148800 0 0 0 0
1293062400 0 0 0 0
1292976000 0 0 0 0
1292889600 0 0 0 0
1292803200 0 0 0 0
1292716800 0 0 0 0
1292630400 0 0 0 0
1292544000 0 0 0 0
1292457600 0 0 0 0
1292371200 0 0 0 0
1292284800 0 0 0 0
1292198400 0 0 0 0
1292112000 0 0 0 0
1292025600 0 0 0 0
1291939200 0 0 0 0
1291852800 0 0 0 0
1291766400 0 0 0 0
1291680000 0 0 0 0
1291593600 0 0 0 0
1291507200 0 0 0 0
1291420800 0 0 0 0
1291334400 0 0 0 0
1291248000 0 0 0 0
1291161600 0 0 0 0
1291075200 0 0 0 0
1290988800 0 0 0 0
1290902400 0 0 0 0
1290816000 0 0 0 0
1290729600 0 0 0 0
1290643200 0 0 0 0
1290556800 0 0 0 0
1290470400 0 0 0 0
1290384000 0 0 0 0
1290297600 0 0 0 0
1290211200 0 0 0 0
1290124800 0 0 0 0
1290038400 0 0 0 0
1289952000 0 0 0 0
1289865600 0 0 0 0
1289779200 0 0 0 0
1289692800 0 0 0 0
1289606400 0 0 0 0
1289520000 0 0 0 0
1289433600 0 0 0 0
1289347200 0 0 0 0
1289260800 0 0 0 0
1289174400 0 0 0 0
1289088000 0 0 0 0
1289001600 0 0 0 0
1288915200 0 0 0 0
1288828800 0 0 0 0
1288742400 0 0 0 0
1288656000 0 0 0 0
1288569600 0 0 0 0
1288483200 0 0 0 0
1288396800 0 0 0 0
1288310400 0 0 0 0
1288224000 0 0 0 0
1288137600 0 0 0 0
1288051200 0 0 0 0
1287964800 0 0 0 0
1287878400 0 0 0 0
1287792000 0 0 0 0
1287705600 0 0 0 0
1287619200 0 0 0 0
1287532800 0 0 0 0
1287446400 0 0 0 0
1287360000 0 0 0 0
1287273600 0 0 0 0
1287187200 0 0 0 0
1287100800 0 0 0 0
1287014400 0 0 0 0
1286928000 0 0 0 0
1286841600 0 0 0 0
1286755200 0 0 0 0
1286668800 0 0 0 0
1286582400 0 0 0 0
1286496000 0 0 0 0
1286409600 0 0 0 0
1286323200 0 0 0 0
1286236800 0 0 0 0
1286150400 0 0 0 0
1286064000 0 0 0 0
1285977600 0 0 0 0
1285891200 0 0 0 0
1285804800 0 0 0 0
1285718400 0 0 0 0
1285632000 0 0 0 0
1285545600 0 0 0 0
1285459200 0 0 0 0
1285372800 0 0 0 0
1285286400 0 0 0 0
1285200000 0 0 0 0
1285113600 0 0 0 0
1285027200 0 0 0 0
1284940800 0 0 0 0
1284854400 0 0 0 0
1284768000 0 0 0 0
1284681600 0 0 0 0
1284595200 0 0 0 0
1284508800 0 0 0 0
1284422400 0 0 0 0
1284336000 0 0 0 0
1284249600 0 0 0 0
1284163200 0 0 0 0
1284076800 0 0 0 0
1283990400 0 0 0 0
1283904000 0 0 0 0
1283817600 0 0 0 0
1283731200 0 0 0 0
1283644800 0 0 0 0
1283558400 0 0 0 0
1283472000 0 0 0 0
1283385600 0 0 0 0
1283299200 0 0 0 0
1283212800 0 0 0 0
1283126400 0 0 0 0
1283040000 0 0 0 0
1282953600 0 0 0 0
1282867200 0 0 0 0
1282780800 0 0 0 0
1282694400 0 0 0 0
1282608000 0 0 0 0
1282521600 0 0 0 0
1282435200 0 0 0 0
1282348800 0 0 0 0
1282262400 0 0 0 0
1282176000 0 0 0 0
1282089600 0 0 0 0
1282003200 0 0 0 0
1281916800 0 0 0 0
1281830400 0 0 0 0
1281744000 0 0 0 0
1281657600 0 0 0 0
1281571200 0 0 0 0
1281484800 0 0 0 0
1281398400 0 0 0 0
1281312000 0 0 0 0
1281225600 0 0 0 0
1281139200 0 0 0 0
1281052800 0 0 0 0
1280966400 0 0 0 0
1280880000 0 0 0 0
1280793600 0 0 0 0
1280707200 0 0 0 0
1280620800 0 0 0 0
1280534400 0 0 0 0
1280448000 0 0 0 0
1280361600 0 0 0 0
1280275200 0 0 0 0
1280188800 0 0 0 0
1280102400 0 0 0 0
1280016000 0 0 0 0
1279929600 0 0 0 0
1279843200 0 0 0 0
1279756800 0 0 0 0
1279670400 0 0 0 0
1279584000 0 0 0 0
1279497600 0 0 0 0
1279411200 0 0 0 0
1279324800 0 0 0 0
1279238400 0 0 0 0
1279152000 0 0 0 0
1279065600 0 0 0 0
1278979200 0 0 0 0
1278892800 0 0 0 0
1278806400 0 0 0 0
1278720000 0 0 0 0
1278633600 0 0 0 0
1278547200 0 0 0 0
1278460800 0 0 0 0
1278374400 0 0 0 0
1278288000 0 0 0 0
1278201600 0 0 0 0
1278115200 0 0 0 0
1278028800 0 0 0 0
1277942400 0 0 0 0
1277856000 0 0 0 0
1277769600 0 0 0 0
1277683200 0 0 0 0
1277596800 0 0 0 0
1277510400 0 0 0 0
1277424000 0 0 0 0
1277337600 0 0 0 0
1277251200 0 0 0 0
1277164800 0 0 0 0
1277078400 0 0 0 0
1276992000 0 0 0 0
1276905600 0 0 0 0
1276819200 0 0 0 0
1276732800 0 0 0 0
1276646400 0 0 0 0
1276560000 0 0 0 0
1276473600 0 0 0 0
1276387200 0 0 0 0
1276300800 0 0 0 0
1276214400 0 0 0 0
1276128000 0 0 0 0
1276041600 0 0 0 0
1275955200 0 0 0 0
1275868800 0 0 0 0
1275782400 0 0 0 0
1275696000 0 0 0 0
1275609600 0 0 0 0
1275523200 0 0 0 0
1275436800 0 0 0 0
1275350400 0 0 0 0
1275264000 0 0 0 0
1275177600 0 0 0 0
1275091200 0 0 0 0
1275004800 0 0 0 0
1274918400 0 0 0 0
1274832000 0 0 0 0
1274745600 0 0 0 0
1274659200 0 0 0 0
1274572800 0 0 0 0
1274486400 0 0 0 0
1274400000 0 0 0 0
1274313600 0 0 0 0
1274227200 0 0 0 0
1274140800 0 0 0 0
1274054400 0 0 0 0
1273968000 0 0 0 0
1273881600 0 0 0 0
1273795200 0 0 0 0
1273708800 0 0 0 0
1273622400 0 0 0 0
1273536000 0 0 0 0
1273449600 0 0 0 0
1273363200 0 0 0 0
1273276800 0 0 0 0
1273190400 0 0 0 0
1273104000 0 0 0 0
1273017600 0 0 0 0
1272931200 0 0 0 0
1272844800 0 0 0 0
1272758400 0 0 0 0
1272672000 0 0 0 0
1272585600 0 0 0 0
1272499200 0 0 0 0
1272412800 0 0 0 0
1272326400 0 0 0 0
1272240000 0 0 0 0
1272153600 0 0 0 0
1272067200 0 0 0 0
1271980800 0 0 0 0
1271894400 0 0 0 0
1271808000 0 0 0 0
1271721600 0 0 0 0
1271635200 0 0 0 0
1271548800 0 0 0 0
1271462400 0 0 0 0
1271376000 0 0 0 0
1271289600 0 0 0 0
1271203200 0 0 0 0
1271116800 0 0 0 0
1271030400 0 0 0 0
1270944000 0 0 0 0
1270857600 0 0 0 0
1270771200 0 0 0 0
1270684800 0 0 0 0
1270598400 0 0 0 0
1270512000 0 0 0 0
1270425600 0 0 0 0
1270339200 0 0 0 0
1270252800 0 0 0 0
1270166400 0 0 0 0
1270080000 0 0 0 0
1269993600 0 0 0 0
1269907200 0 0 0 0
1269820800 0 0 0 0
1269734400 0 0 0 0
1269648000 0 0 0 0
1269561600 0 0 0 0
1269475200 0 0 0 0
1269388800 0 0 0 0
1269302400 0 0 0 0
1269216000 0 0 0 0
1269129600 0 0 0 0
1269043200 0 0 0 0
1268956800 0 0 0 0
1268870400 0 0 0 0
1268784000 0 0 0 0
1268697600 0 0 0 0
1268611200 0 0 0 0
1268524800 0 0 0 0
1268438400 0 0 0 0
1268352000 0 0 0 0
1268265600 0 0 0 0
1268179200 0 0 0 0
1268092800 0 0 0 0
1268006400 0 0 0 0
1267920000 0 0 0 0
1267833600 0 0 0 0
1267747200 0 0 0 0
1267660800 0 0 0 0
1267574400 0 0 0 0
1267488000 0 0 0 0
1267401600 0 0 0 0
1267315200 0 0 0 0
1267228800 0 0 0 0
1267142400 0 0 0 0
1267056000 0 0 0 0
1266969600 0 0 0 0
1266883200 0 0 0 0
1266796800 0 0 0 0
1266710400 0 0 0 0
1266624000 0 0 0 0
1266537600 0 0 0 0
1266451200 0 0 0 0
1266364800 0 0 0 0
1266278400 0 0 0 0
1266192000 0 0 0 0
1266105600 0 0 0 0
1266019200 0 0 0 0
1265932800 0 0 0 0
1265846400 0 0 0 0
1265760000 0 0 0 0
1265673600 0 0 0 0
1265587200 0 0 0 0
1265500800 0 0 0 0
1265414400 0 0 0 0
1265328000 0 0 0 0
1265241600 0 0 0 0
1265155200 0 0 0 0
1265068800 0 0 0 0
1264982400 0 0 0 0
1264896000 0 0 0 0
1264809600 0 0 0 0
1264723200 0 0 0 0
1264636800 0 0 0 0
1264550400 0 0 0 0
1264464000 0 0 0 0
1264377600 0 0 0 0
1264291200 0 0 0 0
1264204800 0 0 0 0
1264118400 0 0 0 0
1264032000 0 0 0 0
1263945600 0 0 0 0
1263859200 0 0 0 0
1263772800 0 0 0 0
1263686400 0 0 0 0
1263600000 0 0 0 0
1263513600 0 0 0 0
1263427200 0 0 0 0
1263340800 0 0 0 0
1263254400 0 0 0 0
1263168000 0 0 0 0
1263081600 0 0 0 0
1262995200 0 0 0 0
1262908800 0 0 0 0
1262822400 0 0 0 0
1262736000 0 0 0 0
1262649600 0 0 0 0
1262563200 0 0 0 0
1262476800 0 0 0 0
1262390400 0 0 0 0
1262304000 0 0 0 0
1262217600 0 0 0 0
1262131200 0 0 0 0
1262044800 0 0 0 0
1261958400 0 0 0 0
1261872000 0 0 0 0
1261785600 0 0 0 0
1261699200 0 0 0 0
1261612800 0 0 0 0
1261526400 0 0 0 0
1261440000 0 0 0 0
1261353600 0 0 0 0
1261267200 0 0 0 0
1261180800 0 0 0 0
1261094400 0 0 0 0
1261008000 0 0 0 0
1260921600 0 0 0 0
1260835200 0 0 0 0
1260748800 0 0 0 0
1260662400 0 0 0 0
1260576000 0 0 0 0
1260489600 0 0 0 0
1260403200 0 0 0 0
1260316800 0 0 0 0
1260230400 0 0 0 0
1260144000 0 0 0 0
1260057600 0 0 0 0
1259971200 0 0 0 0
1259884800 0 0 0 0
1259798400 0 0 0 0
1259712000 0 0 0 0
1259625600 0 0 0 0
1259539200 0 0 0 0
1259452800 0 0 0 0
1259366400 0 0 0 0
1259280000 0 0 0 0
1259193600 0 0 0 0
1259107200 0 0 0 0
1259020800 0 0 0 0
1258934400 0 0 0 0
1258848000 0 0 0 0
1258761600 0 0 0 0
1258675200 0 0 0 0
1258588800 0 0 0 0
1258502400 0 0 0 0
1258416000 0 0 0 0
1258329600 0 0 0 0
1258243200 0 0 0 0
1258156800 0 0 0 0
1258070400 0 0 0 0
1257984000 0 0 0 0
1257897600 0 0 0 0
1257811200 0 0 0 0
1257724800 0 0 0 0
1257638400 0 0 0 0
1257552000 0 0 0 0
1257465600 0 0 0 0
1257379200 0 0 0 0
1257292800 0 0 0 0
1257206400 0 0 0 0
1257120000 0 0 0 0
1257033600 0 0 0 0
1256947200 0 0 0 0
1256860800 0 0 0 0
1256774400 0 0 0 0
1256688000 0 0 0 0
1256601600 0 0 0 0
1256515200 0 0 0 0
1256428800 0 0 0 0
1256342400 0 0 0 0
1256256000 0 0 0 0
1256169600 0 0 0 0
1256083200 0 0 0 0
1255996800 0 0 0 0
1255910400 0 0 0 0
1255824000 0 0 0 0
1255737600 0 0 0 0
1255651200 0 0 0 0
1255564800 0 0 0 0
1255478400 0 0 0 0
1255392000 0 0 0 0
1255305600 0 0 0 0
1255219200 0 0 0 0
1255132800 0 0 0 0
1255046400 0 0 0 0
1254960000 0 0 0 0
1254873600 0 0 0 0
1254787200 0 0 0 0
1254700800 0 0 0 0
1254614400 0 0 0 0
1254528000 0 0 0 0
1254441600 0 0 0 0
1254355200 0 0 0 0
1254268800 0 0 0 0
